<?xml version="1.0" encoding="UTF-8"?>
<testng-results skipped="0" failed="1" ignored="1" total="2" passed="0">
  <reporter-output>
  </reporter-output>
  <suite name="Default suite" duration-ms="20350" started-at="2020-06-21T13:32:35 IST" finished-at="2020-06-21T13:32:55 IST">
    <groups>
    </groups>
    <test name="Default test" duration-ms="20350" started-at="2020-06-21T13:32:35 IST" finished-at="2020-06-21T13:32:55 IST">
      <class name="testScripts.GoogleTests">
        <test-method status="PASS" signature="Setup()[pri:0, instance:testScripts.GoogleTests@584f54e6]" name="Setup" is-config="true" duration-ms="521" started-at="2020-06-21T13:32:35 IST" finished-at="2020-06-21T13:32:35 IST">
          <reporter-output>
          </reporter-output>
        </test-method> <!-- Setup -->
        <test-method status="PASS" signature="SetupForEachTest()[pri:0, instance:testScripts.GoogleTests@584f54e6]" name="SetupForEachTest" is-config="true" duration-ms="559" started-at="2020-06-21T13:32:35 IST" finished-at="2020-06-21T13:32:36 IST">
          <reporter-output>
          </reporter-output>
        </test-method> <!-- SetupForEachTest -->
        <test-method status="PASS" signature="SetupForEachMethod()[pri:0, instance:testScripts.GoogleTests@584f54e6]" name="SetupForEachMethod" is-config="true" duration-ms="8715" started-at="2020-06-21T13:32:36 IST" finished-at="2020-06-21T13:32:44 IST">
          <reporter-output>
          </reporter-output>
        </test-method> <!-- SetupForEachMethod -->
        <test-method status="FAIL" signature="DoodleDay()[pri:2, instance:testScripts.GoogleTests@584f54e6]" name="DoodleDay" duration-ms="6886" started-at="2020-06-21T13:32:44 IST" finished-at="2020-06-21T13:32:51 IST">
          <exception class="java.lang.AssertionError">
            <message>
              <![CDATA[Today is not a Doodle day]]>
            </message>
            <full-stacktrace>
              <![CDATA[java.lang.AssertionError: Today is not a Doodle day
at org.testng.Assert.fail(Assert.java:97)
at testScripts.GoogleTests.DoodleDay(GoogleTests.java:61)
at sun.reflect.NativeMethodAccessorImpl.invoke0(Native Method)
at sun.reflect.NativeMethodAccessorImpl.invoke(NativeMethodAccessorImpl.java:62)
at sun.reflect.DelegatingMethodAccessorImpl.invoke(DelegatingMethodAccessorImpl.java:43)
at java.lang.reflect.Method.invoke(Method.java:498)
at org.testng.internal.MethodInvocationHelper.invokeMethod(MethodInvocationHelper.java:134)
at org.testng.internal.TestInvoker.invokeMethod(TestInvoker.java:597)
at org.testng.internal.TestInvoker.invokeTestMethod(TestInvoker.java:173)
at org.testng.internal.MethodRunner.runInSequence(MethodRunner.java:46)
at org.testng.internal.TestInvoker$MethodInvocationAgent.invoke(TestInvoker.java:816)
at org.testng.internal.TestInvoker.invokeTestMethods(TestInvoker.java:146)
at org.testng.internal.TestMethodWorker.invokeTestMethods(TestMethodWorker.java:146)
at org.testng.internal.TestMethodWorker.run(TestMethodWorker.java:128)
at java.util.ArrayList.forEach(ArrayList.java:1257)
at org.testng.TestRunner.privateRun(TestRunner.java:766)
at org.testng.TestRunner.run(TestRunner.java:587)
at org.testng.SuiteRunner.runTest(SuiteRunner.java:384)
at org.testng.SuiteRunner.runSequentially(SuiteRunner.java:378)
at org.testng.SuiteRunner.privateRun(SuiteRunner.java:337)
at org.testng.SuiteRunner.run(SuiteRunner.java:286)
at org.testng.SuiteRunnerWorker.runSuite(SuiteRunnerWorker.java:53)
at org.testng.SuiteRunnerWorker.run(SuiteRunnerWorker.java:96)
at org.testng.TestNG.runSuitesSequentially(TestNG.java:1187)
at org.testng.TestNG.runSuitesLocally(TestNG.java:1109)
at org.testng.TestNG.runSuites(TestNG.java:1039)
at org.testng.TestNG.run(TestNG.java:1007)
at org.testng.remote.AbstractRemoteTestNG.run(AbstractRemoteTestNG.java:115)
at org.testng.remote.RemoteTestNG.initAndRun(RemoteTestNG.java:251)
at org.testng.remote.RemoteTestNG.main(RemoteTestNG.java:77)
]]>
            </full-stacktrace>
          </exception> <!-- java.lang.AssertionError -->
          <reporter-output>
          </reporter-output>
        </test-method> <!-- DoodleDay -->
        <test-method status="PASS" signature="TearDownForEachMethod()[pri:0, instance:testScripts.GoogleTests@584f54e6]" name="TearDownForEachMethod" is-config="true" duration-ms="4124" started-at="2020-06-21T13:32:51 IST" finished-at="2020-06-21T13:32:55 IST">
          <reporter-output>
          </reporter-output>
        </test-method> <!-- TearDownForEachMethod -->
        <test-method status="PASS" signature="Teardown()[pri:0, instance:testScripts.GoogleTests@584f54e6]" name="Teardown" is-config="true" duration-ms="1329" started-at="2020-06-21T13:32:56 IST" finished-at="2020-06-21T13:32:57 IST">
          <reporter-output>
          </reporter-output>
        </test-method> <!-- Teardown -->
      </class> <!-- testScripts.GoogleTests -->
    </test> <!-- Default test -->
  </suite> <!-- Default suite -->
</testng-results>
